<?xml version="1.0" encoding="UTF-8"?>
<!-- Generated by org.testng.reporters.JUnitReportReporter -->
<testsuite hostname="LAPTOP-CO1F0SQJ" failures="0" tests="1" name="testCases.TC003_SearchFieldTest" time="10.899" errors="0" timestamp="2025-04-23T13:02:33 IST" skipped="0">
  <testcase classname="testCases.TC003_SearchFieldTest" name="searchfield_test" time="10.899"/>
  <system-out/>
</testsuite> <!-- testCases.TC003_SearchFieldTest -->
