<?xml version="1.0" encoding="UTF-8"?>
<!-- Generated by org.testng.reporters.JUnitReportReporter -->
<testsuite hostname="LAPTOP-CO1F0SQJ" failures="0" tests="1" name="testCases.TC002_NavigationTest" time="99.060" errors="0" timestamp="2025-04-24T15:14:19 IST" skipped="0">
  <testcase classname="testCases.TC002_NavigationTest" name="navigation_test" time="99.060"/>
  <system-out/>
</testsuite> <!-- testCases.TC002_NavigationTest -->
